<?xml version="1.0" encoding="UTF-8"?>
<!-- Generated by org.testng.reporters.JUnitReportReporter -->
<testsuite name="com.sandata.mvv.functional.Auto_MVV_TC_00000_Login" tests="1" time="127.557" ignored="0" failures="0" timestamp="19 Apr 2017 08:58:39 GMT" skipped="0" hostname="NST-JKUMAR-X240" errors="0">
  <testcase name="login_iOSAPP" time="127.557" classname="com.sandata.mvv.functional.Auto_MVV_TC_00000_Login"/>
</testsuite> <!-- com.sandata.mvv.functional.Auto_MVV_TC_00000_Login -->
