<?xml version="1.0" encoding="UTF-8"?>
<!-- Generated by org.testng.reporters.JUnitReportReporter -->
<testsuite skipped="0" hostname="ASDA1581PO02037" name="com.qainfotech.test.TatocTest" tests="1" failures="0" timestamp="22 Jun 2018 09:44:08 GMT" time="12.217" errors="0">
  <testcase name="TatocAdvance" time="12.217" classname="com.qainfotech.test.TatocTest"/>
</testsuite> <!-- com.qainfotech.test.TatocTest -->
