<?xml version="1.0" encoding="UTF-8"?>
<!-- Generated by org.testng.reporters.JUnitReportReporter -->
<testsuite skipped="0" hostname="ASDA1581PO02037" name="com.qainfotech.test.CoachTest" tests="1" failures="0" timestamp="20 Jun 2018 09:33:21 GMT" time="0.240" errors="0">
  <testcase name="headerTabs" time="0.240" classname="com.qainfotech.test.CoachTest"/>
</testsuite> <!-- com.qainfotech.test.CoachTest -->
