<?xml version="1.0" encoding="UTF-8"?>
<!-- Generated by org.testng.reporters.JUnitReportReporter -->
<testsuite name="com.svam.Search.functional.Auto_Search_TC_00000_On_Google" tests="1" time="19.539" ignored="0" failures="0" timestamp="15 May 2017 08:03:24 GMT" skipped="0" hostname="NST-AGAM" errors="0">
  <testcase name="enterUrl" time="19.539" classname="com.svam.Search.functional.Auto_Search_TC_00000_On_Google"/>
</testsuite> <!-- com.svam.Search.functional.Auto_Search_TC_00000_On_Google -->
