<?xml version="1.0" encoding="UTF-8"?>
<!-- Generated by org.testng.reporters.JUnitReportReporter -->
<testsuite name="com.svam.Search.functional.Auto_Search_On_Google" tests="1" time="0.000" ignored="0" failures="0" timestamp="12 May 2017 14:12:11 GMT" skipped="1" hostname="NST-AGAM" errors="0">
  <testcase name="enterUrl" time="0.000" classname="com.svam.Search.functional.Auto_Search_On_Google">
    <skipped/>
  </testcase> <!-- enterUrl -->
</testsuite> <!-- com.svam.Search.functional.Auto_Search_On_Google -->
