<?xml version="1.0" encoding="UTF-8"?>
<!-- Generated by org.testng.reporters.JUnitReportReporter -->
<testsuite skipped="0" hostname="ASDA1581PO02037" name="com.qainfotech.test.TatocTest" tests="1" failures="0" timestamp="21 Jun 2018 07:43:59 GMT" time="18.597" errors="0">
  <testcase name="TatocTestmethod" time="18.597" classname="com.qainfotech.test.TatocTest"/>
</testsuite> <!-- com.qainfotech.test.TatocTest -->
