<?xml version="1.0" encoding="UTF-8"?>
<!-- Generated by org.testng.reporters.JUnitReportReporter -->
<testsuite skipped="0" hostname="ASDA1581PO02037" name="com.qainfotech.test.BingTranslatorTest" tests="1" failures="0" timestamp="22 Jun 2018 09:39:54 GMT" time="2.479" errors="0">
  <testcase name="TatocTestmethod" time="2.479" classname="com.qainfotech.test.BingTranslatorTest"/>
</testsuite> <!-- com.qainfotech.test.BingTranslatorTest -->
